<?xml version="1.0" encoding="UTF-8"?>
<!-- Generated by org.testng.reporters.JUnitReportReporter -->
<testsuite skipped="0" hostname="laptop" name="com.qa.tests.Amazon1Test" tests="1" failures="0" timestamp="28 May 2021 12:57:52 GMT" time="17.375" errors="0">
  <testcase name="t2" time="17.375" classname="com.qa.tests.Amazon1Test"/>
</testsuite> <!-- com.qa.tests.Amazon1Test -->
